<?xml version="1.0" encoding="UTF-8"?>
<!-- Generated by org.testng.reporters.JUnitXMLReporter -->
<testsuite ignored="0" hostname="GOD" failures="1" tests="1" name="Default test(failed)" time="11.04" errors="0" timestamp="2024-08-25T21:59:32 IST">
  <testcase classname="com.bis.testloginexceution.YoutubeSearach" name="searchFuncationality" time="0.02">
    <failure type="java.lang.NullPointerException" message="Cannot invoke &amp;quot;org.openqa.selenium.WebElement.sendKeys(java.lang.CharSequence[])&amp;quot; because &amp;quot;t.search&amp;quot; is null">
      <![CDATA[java.lang.NullPointerException: Cannot invoke "org.openqa.selenium.WebElement.sendKeys(java.lang.CharSequence[])" because "t.search" is null
at com.bis.testloginexceution.YoutubeSearach.searchFuncationality(YoutubeSearach.java:50)
at java.base/java.util.ArrayList.forEach(ArrayList.java:1511)
... Removed 27 stack frames]]>
    </failure>
  </testcase> <!-- searchFuncationality -->
</testsuite> <!-- Default test(failed) -->
