<?xml version="1.0" encoding="UTF-8"?>
<!-- Generated by org.testng.reporters.JUnitXMLReporter -->
<testsuite ignored="0" hostname="GOD" failures="0" tests="6" name="Default test" time="71.249" errors="0" timestamp="2024-08-28T23:30:29 IST">
  <testcase classname="com.bis.testexceution.AmazonSearach" name="searchFuncationality" time="5.068"/>
  <testcase classname="com.bis.testexceution.AmazonSearach" name="searchFuncationality" time="4.566"/>
  <testcase classname="com.bis.testexceution.AmazonSearach" name="searchFuncationality" time="4.594"/>
  <testcase classname="com.bis.testexceution.AmazonSearach" name="searchFuncationality" time="4.042"/>
  <testcase classname="com.bis.testexceution.AmazonSearach" name="searchFuncationality" time="4.787"/>
  <testcase classname="com.bis.testexceution.AmazonSearach" name="searchFuncationality" time="6.75"/>
</testsuite> <!-- Default test -->
