<?xml version="1.0" encoding="UTF-8"?>
<testng-results ignored="0" total="6" passed="6" failed="0" skipped="0">
  <reporter-output>
  </reporter-output>
  <suite started-at="2024-09-23T23:52:39 IST" name="Resgression" finished-at="2024-09-23T23:53:47 IST" duration-ms="67865">
    <groups>
    </groups>
    <test started-at="2024-09-23T23:52:39 IST" name="Test" finished-at="2024-09-23T23:53:47 IST" duration-ms="67865">
      <class name="com.bis.testexceution.AmazonSearach">
        <test-method is-config="true" signature="trriggerReporter()[pri:0, instance:com.bis.testexceution.AmazonSearach@66d18979]" started-at="2024-09-23T23:52:39 IST" name="trriggerReporter" finished-at="2024-09-23T23:52:39 IST" duration-ms="21" status="PASS">
          <reporter-output>
          </reporter-output>
        </test-method> <!-- trriggerReporter -->
        <test-method is-config="true" signature="startTime()[pri:0, instance:com.bis.testexceution.AmazonSearach@66d18979]" started-at="2024-09-23T23:52:39 IST" name="startTime" finished-at="2024-09-23T23:52:39 IST" duration-ms="6" status="PASS">
          <reporter-output>
          </reporter-output>
        </test-method> <!-- startTime -->
        <test-method is-config="true" signature="launch()[pri:0, instance:com.bis.testexceution.AmazonSearach@66d18979]" started-at="2024-09-23T23:52:40 IST" name="launch" finished-at="2024-09-23T23:52:45 IST" duration-ms="5614" status="PASS">
          <reporter-output>
          </reporter-output>
        </test-method> <!-- launch -->
        <test-method signature="searchFuncationality(java.lang.String)[pri:0, instance:com.bis.testexceution.AmazonSearach@66d18979]" started-at="2024-09-23T23:52:45 IST" name="searchFuncationality" data-provider="data" finished-at="2024-09-23T23:52:50 IST" duration-ms="4755" status="PASS">
          <params>
            <param index="0">
              <value>
                <![CDATA[Shirts]]>
              </value>
            </param>
          </params>
          <reporter-output>
          </reporter-output>
        </test-method> <!-- searchFuncationality -->
        <test-method is-config="true" signature="Quit()[pri:0, instance:com.bis.testexceution.AmazonSearach@66d18979]" started-at="2024-09-23T23:52:50 IST" name="Quit" finished-at="2024-09-23T23:52:50 IST" duration-ms="471" status="PASS">
          <reporter-output>
          </reporter-output>
        </test-method> <!-- Quit -->
        <test-method is-config="true" signature="launch()[pri:0, instance:com.bis.testexceution.AmazonSearach@66d18979]" started-at="2024-09-23T23:52:50 IST" name="launch" finished-at="2024-09-23T23:52:52 IST" duration-ms="1794" status="PASS">
          <reporter-output>
          </reporter-output>
        </test-method> <!-- launch -->
        <test-method signature="searchFuncationality(java.lang.String)[pri:0, instance:com.bis.testexceution.AmazonSearach@66d18979]" started-at="2024-09-23T23:52:52 IST" name="searchFuncationality" data-provider="data" finished-at="2024-09-23T23:53:00 IST" duration-ms="7274" status="PASS">
          <params>
            <param index="0">
              <value>
                <![CDATA[pants]]>
              </value>
            </param>
          </params>
          <reporter-output>
          </reporter-output>
        </test-method> <!-- searchFuncationality -->
        <test-method is-config="true" signature="Quit()[pri:0, instance:com.bis.testexceution.AmazonSearach@66d18979]" started-at="2024-09-23T23:53:00 IST" name="Quit" finished-at="2024-09-23T23:53:00 IST" duration-ms="419" status="PASS">
          <reporter-output>
          </reporter-output>
        </test-method> <!-- Quit -->
        <test-method is-config="true" signature="launch()[pri:0, instance:com.bis.testexceution.AmazonSearach@66d18979]" started-at="2024-09-23T23:53:00 IST" name="launch" finished-at="2024-09-23T23:53:04 IST" duration-ms="3886" status="PASS">
          <reporter-output>
          </reporter-output>
        </test-method> <!-- launch -->
        <test-method signature="searchFuncationality(java.lang.String)[pri:0, instance:com.bis.testexceution.AmazonSearach@66d18979]" started-at="2024-09-23T23:53:04 IST" name="searchFuncationality" data-provider="data" finished-at="2024-09-23T23:53:11 IST" duration-ms="6666" status="PASS">
          <params>
            <param index="0">
              <value>
                <![CDATA[shoes]]>
              </value>
            </param>
          </params>
          <reporter-output>
          </reporter-output>
        </test-method> <!-- searchFuncationality -->
        <test-method is-config="true" signature="Quit()[pri:0, instance:com.bis.testexceution.AmazonSearach@66d18979]" started-at="2024-09-23T23:53:11 IST" name="Quit" finished-at="2024-09-23T23:53:11 IST" duration-ms="434" status="PASS">
          <reporter-output>
          </reporter-output>
        </test-method> <!-- Quit -->
        <test-method is-config="true" signature="launch()[pri:0, instance:com.bis.testexceution.AmazonSearach@66d18979]" started-at="2024-09-23T23:53:11 IST" name="launch" finished-at="2024-09-23T23:53:14 IST" duration-ms="2547" status="PASS">
          <reporter-output>
          </reporter-output>
        </test-method> <!-- launch -->
        <test-method signature="searchFuncationality(java.lang.String)[pri:0, instance:com.bis.testexceution.AmazonSearach@66d18979]" started-at="2024-09-23T23:53:14 IST" name="searchFuncationality" data-provider="data" finished-at="2024-09-23T23:53:23 IST" duration-ms="9008" status="PASS">
          <params>
            <param index="0">
              <value>
                <![CDATA[watch]]>
              </value>
            </param>
          </params>
          <reporter-output>
          </reporter-output>
        </test-method> <!-- searchFuncationality -->
        <test-method is-config="true" signature="Quit()[pri:0, instance:com.bis.testexceution.AmazonSearach@66d18979]" started-at="2024-09-23T23:53:23 IST" name="Quit" finished-at="2024-09-23T23:53:23 IST" duration-ms="771" status="PASS">
          <reporter-output>
          </reporter-output>
        </test-method> <!-- Quit -->
        <test-method is-config="true" signature="launch()[pri:0, instance:com.bis.testexceution.AmazonSearach@66d18979]" started-at="2024-09-23T23:53:23 IST" name="launch" finished-at="2024-09-23T23:53:29 IST" duration-ms="5455" status="PASS">
          <reporter-output>
          </reporter-output>
        </test-method> <!-- launch -->
        <test-method signature="searchFuncationality(java.lang.String)[pri:0, instance:com.bis.testexceution.AmazonSearach@66d18979]" started-at="2024-09-23T23:53:29 IST" name="searchFuncationality" data-provider="data" finished-at="2024-09-23T23:53:35 IST" duration-ms="6456" status="PASS">
          <params>
            <param index="0">
              <value>
                <![CDATA[belt]]>
              </value>
            </param>
          </params>
          <reporter-output>
          </reporter-output>
        </test-method> <!-- searchFuncationality -->
        <test-method is-config="true" signature="Quit()[pri:0, instance:com.bis.testexceution.AmazonSearach@66d18979]" started-at="2024-09-23T23:53:35 IST" name="Quit" finished-at="2024-09-23T23:53:36 IST" duration-ms="386" status="PASS">
          <reporter-output>
          </reporter-output>
        </test-method> <!-- Quit -->
        <test-method is-config="true" signature="launch()[pri:0, instance:com.bis.testexceution.AmazonSearach@66d18979]" started-at="2024-09-23T23:53:36 IST" name="launch" finished-at="2024-09-23T23:53:40 IST" duration-ms="4329" status="PASS">
          <reporter-output>
          </reporter-output>
        </test-method> <!-- launch -->
        <test-method signature="searchFuncationality(java.lang.String)[pri:0, instance:com.bis.testexceution.AmazonSearach@66d18979]" started-at="2024-09-23T23:53:40 IST" name="searchFuncationality" data-provider="data" finished-at="2024-09-23T23:53:46 IST" duration-ms="6076" status="PASS">
          <params>
            <param index="0">
              <value>
                <![CDATA[Sunglass]]>
              </value>
            </param>
          </params>
          <reporter-output>
          </reporter-output>
        </test-method> <!-- searchFuncationality -->
        <test-method is-config="true" signature="Quit()[pri:0, instance:com.bis.testexceution.AmazonSearach@66d18979]" started-at="2024-09-23T23:53:46 IST" name="Quit" finished-at="2024-09-23T23:53:47 IST" duration-ms="519" status="PASS">
          <reporter-output>
          </reporter-output>
        </test-method> <!-- Quit -->
        <test-method is-config="true" signature="endTIme()[pri:0, instance:com.bis.testexceution.AmazonSearach@66d18979]" started-at="2024-09-23T23:53:47 IST" name="endTIme" finished-at="2024-09-23T23:53:47 IST" duration-ms="0" status="PASS">
          <reporter-output>
          </reporter-output>
        </test-method> <!-- endTIme -->
        <test-method is-config="true" signature="flushReporter()[pri:0, instance:com.bis.testexceution.AmazonSearach@66d18979]" started-at="2024-09-23T23:53:47 IST" name="flushReporter" finished-at="2024-09-23T23:53:47 IST" duration-ms="1" status="PASS">
          <reporter-output>
          </reporter-output>
        </test-method> <!-- flushReporter -->
      </class> <!-- com.bis.testexceution.AmazonSearach -->
    </test> <!-- Test -->
  </suite> <!-- Resgression -->
</testng-results>
