<?xml version="1.0" encoding="UTF-8"?>
<testng-results ignored="0" total="6" passed="6" failed="0" skipped="0">
  <reporter-output>
  </reporter-output>
  <suite started-at="2024-09-21T02:07:17 IST" name="Resgression" finished-at="2024-09-21T02:08:31 IST" duration-ms="73711">
    <groups>
    </groups>
    <test started-at="2024-09-21T02:07:17 IST" name="Test" finished-at="2024-09-21T02:08:31 IST" duration-ms="73711">
      <class name="com.bis.testexceution.AmazonSearach">
        <test-method is-config="true" signature="trriggerReporter()[pri:0, instance:com.bis.testexceution.AmazonSearach@69453e37]" started-at="2024-09-21T02:07:17 IST" name="trriggerReporter" finished-at="2024-09-21T02:07:17 IST" duration-ms="21" status="PASS">
          <reporter-output>
          </reporter-output>
        </test-method> <!-- trriggerReporter -->
        <test-method is-config="true" signature="startTime()[pri:0, instance:com.bis.testexceution.AmazonSearach@69453e37]" started-at="2024-09-21T02:07:17 IST" name="startTime" finished-at="2024-09-21T02:07:17 IST" duration-ms="7" status="PASS">
          <reporter-output>
          </reporter-output>
        </test-method> <!-- startTime -->
        <test-method is-config="true" signature="launch()[pri:0, instance:com.bis.testexceution.AmazonSearach@69453e37]" started-at="2024-09-21T02:07:18 IST" name="launch" finished-at="2024-09-21T02:07:25 IST" duration-ms="7078" status="PASS">
          <reporter-output>
          </reporter-output>
        </test-method> <!-- launch -->
        <test-method signature="searchFuncationality(java.lang.String)[pri:0, instance:com.bis.testexceution.AmazonSearach@69453e37]" started-at="2024-09-21T02:07:25 IST" name="searchFuncationality" data-provider="data" finished-at="2024-09-21T02:07:31 IST" duration-ms="5193" status="PASS">
          <params>
            <param index="0">
              <value>
                <![CDATA[Shirts]]>
              </value>
            </param>
          </params>
          <reporter-output>
          </reporter-output>
        </test-method> <!-- searchFuncationality -->
        <test-method is-config="true" signature="Quit()[pri:0, instance:com.bis.testexceution.AmazonSearach@69453e37]" started-at="2024-09-21T02:07:31 IST" name="Quit" finished-at="2024-09-21T02:07:31 IST" duration-ms="505" status="PASS">
          <reporter-output>
          </reporter-output>
        </test-method> <!-- Quit -->
        <test-method is-config="true" signature="launch()[pri:0, instance:com.bis.testexceution.AmazonSearach@69453e37]" started-at="2024-09-21T02:07:31 IST" name="launch" finished-at="2024-09-21T02:07:35 IST" duration-ms="3922" status="PASS">
          <reporter-output>
          </reporter-output>
        </test-method> <!-- launch -->
        <test-method signature="searchFuncationality(java.lang.String)[pri:0, instance:com.bis.testexceution.AmazonSearach@69453e37]" started-at="2024-09-21T02:07:35 IST" name="searchFuncationality" data-provider="data" finished-at="2024-09-21T02:07:42 IST" duration-ms="6973" status="PASS">
          <params>
            <param index="0">
              <value>
                <![CDATA[pants]]>
              </value>
            </param>
          </params>
          <reporter-output>
          </reporter-output>
        </test-method> <!-- searchFuncationality -->
        <test-method is-config="true" signature="Quit()[pri:0, instance:com.bis.testexceution.AmazonSearach@69453e37]" started-at="2024-09-21T02:07:42 IST" name="Quit" finished-at="2024-09-21T02:07:43 IST" duration-ms="554" status="PASS">
          <reporter-output>
          </reporter-output>
        </test-method> <!-- Quit -->
        <test-method is-config="true" signature="launch()[pri:0, instance:com.bis.testexceution.AmazonSearach@69453e37]" started-at="2024-09-21T02:07:43 IST" name="launch" finished-at="2024-09-21T02:07:49 IST" duration-ms="6255" status="PASS">
          <reporter-output>
          </reporter-output>
        </test-method> <!-- launch -->
        <test-method signature="searchFuncationality(java.lang.String)[pri:0, instance:com.bis.testexceution.AmazonSearach@69453e37]" started-at="2024-09-21T02:07:49 IST" name="searchFuncationality" data-provider="data" finished-at="2024-09-21T02:07:54 IST" duration-ms="5333" status="PASS">
          <params>
            <param index="0">
              <value>
                <![CDATA[shoes]]>
              </value>
            </param>
          </params>
          <reporter-output>
          </reporter-output>
        </test-method> <!-- searchFuncationality -->
        <test-method is-config="true" signature="Quit()[pri:0, instance:com.bis.testexceution.AmazonSearach@69453e37]" started-at="2024-09-21T02:07:54 IST" name="Quit" finished-at="2024-09-21T02:07:55 IST" duration-ms="627" status="PASS">
          <reporter-output>
          </reporter-output>
        </test-method> <!-- Quit -->
        <test-method is-config="true" signature="launch()[pri:0, instance:com.bis.testexceution.AmazonSearach@69453e37]" started-at="2024-09-21T02:07:55 IST" name="launch" finished-at="2024-09-21T02:07:59 IST" duration-ms="4553" status="PASS">
          <reporter-output>
          </reporter-output>
        </test-method> <!-- launch -->
        <test-method signature="searchFuncationality(java.lang.String)[pri:0, instance:com.bis.testexceution.AmazonSearach@69453e37]" started-at="2024-09-21T02:07:59 IST" name="searchFuncationality" data-provider="data" finished-at="2024-09-21T02:08:07 IST" duration-ms="7500" status="PASS">
          <params>
            <param index="0">
              <value>
                <![CDATA[watch]]>
              </value>
            </param>
          </params>
          <reporter-output>
          </reporter-output>
        </test-method> <!-- searchFuncationality -->
        <test-method is-config="true" signature="Quit()[pri:0, instance:com.bis.testexceution.AmazonSearach@69453e37]" started-at="2024-09-21T02:08:07 IST" name="Quit" finished-at="2024-09-21T02:08:08 IST" duration-ms="685" status="PASS">
          <reporter-output>
          </reporter-output>
        </test-method> <!-- Quit -->
        <test-method is-config="true" signature="launch()[pri:0, instance:com.bis.testexceution.AmazonSearach@69453e37]" started-at="2024-09-21T02:08:08 IST" name="launch" finished-at="2024-09-21T02:08:13 IST" duration-ms="5029" status="PASS">
          <reporter-output>
          </reporter-output>
        </test-method> <!-- launch -->
        <test-method signature="searchFuncationality(java.lang.String)[pri:0, instance:com.bis.testexceution.AmazonSearach@69453e37]" started-at="2024-09-21T02:08:13 IST" name="searchFuncationality" data-provider="data" finished-at="2024-09-21T02:08:19 IST" duration-ms="6616" status="PASS">
          <params>
            <param index="0">
              <value>
                <![CDATA[belt]]>
              </value>
            </param>
          </params>
          <reporter-output>
          </reporter-output>
        </test-method> <!-- searchFuncationality -->
        <test-method is-config="true" signature="Quit()[pri:0, instance:com.bis.testexceution.AmazonSearach@69453e37]" started-at="2024-09-21T02:08:19 IST" name="Quit" finished-at="2024-09-21T02:08:20 IST" duration-ms="557" status="PASS">
          <reporter-output>
          </reporter-output>
        </test-method> <!-- Quit -->
        <test-method is-config="true" signature="launch()[pri:0, instance:com.bis.testexceution.AmazonSearach@69453e37]" started-at="2024-09-21T02:08:20 IST" name="launch" finished-at="2024-09-21T02:08:24 IST" duration-ms="4589" status="PASS">
          <reporter-output>
          </reporter-output>
        </test-method> <!-- launch -->
        <test-method signature="searchFuncationality(java.lang.String)[pri:0, instance:com.bis.testexceution.AmazonSearach@69453e37]" started-at="2024-09-21T02:08:24 IST" name="searchFuncationality" data-provider="data" finished-at="2024-09-21T02:08:30 IST" duration-ms="6186" status="PASS">
          <params>
            <param index="0">
              <value>
                <![CDATA[Sunglass]]>
              </value>
            </param>
          </params>
          <reporter-output>
          </reporter-output>
        </test-method> <!-- searchFuncationality -->
        <test-method is-config="true" signature="Quit()[pri:0, instance:com.bis.testexceution.AmazonSearach@69453e37]" started-at="2024-09-21T02:08:30 IST" name="Quit" finished-at="2024-09-21T02:08:31 IST" duration-ms="555" status="PASS">
          <reporter-output>
          </reporter-output>
        </test-method> <!-- Quit -->
        <test-method is-config="true" signature="endTIme()[pri:0, instance:com.bis.testexceution.AmazonSearach@69453e37]" started-at="2024-09-21T02:08:31 IST" name="endTIme" finished-at="2024-09-21T02:08:31 IST" duration-ms="1" status="PASS">
          <reporter-output>
          </reporter-output>
        </test-method> <!-- endTIme -->
        <test-method is-config="true" signature="flushReporter()[pri:0, instance:com.bis.testexceution.AmazonSearach@69453e37]" started-at="2024-09-21T02:08:31 IST" name="flushReporter" finished-at="2024-09-21T02:08:31 IST" duration-ms="1" status="PASS">
          <reporter-output>
          </reporter-output>
        </test-method> <!-- flushReporter -->
      </class> <!-- com.bis.testexceution.AmazonSearach -->
    </test> <!-- Test -->
  </suite> <!-- Resgression -->
</testng-results>
