<?xml version="1.0" encoding="UTF-8"?>
<testng-results ignored="0" total="6" passed="6" failed="0" skipped="0">
  <reporter-output>
  </reporter-output>
  <suite started-at="2024-08-28T23:29:18 IST" name="Default suite" finished-at="2024-08-28T23:30:29 IST" duration-ms="71249">
    <groups>
    </groups>
    <test started-at="2024-08-28T23:29:18 IST" name="Default test" finished-at="2024-08-28T23:30:29 IST" duration-ms="71249">
      <class name="com.bis.testexceution.AmazonSearach">
        <test-method is-config="true" signature="trriggerReporter()[pri:0, instance:com.bis.testexceution.AmazonSearach@645aa696]" started-at="2024-08-28T23:29:18 IST" name="trriggerReporter" finished-at="2024-08-28T23:29:18 IST" duration-ms="17" status="PASS">
          <reporter-output>
          </reporter-output>
        </test-method> <!-- trriggerReporter -->
        <test-method is-config="true" signature="startTime()[pri:0, instance:com.bis.testexceution.AmazonSearach@645aa696]" started-at="2024-08-28T23:29:18 IST" name="startTime" finished-at="2024-08-28T23:29:18 IST" duration-ms="44" status="PASS">
          <reporter-output>
          </reporter-output>
        </test-method> <!-- startTime -->
        <test-method is-config="true" signature="launch()[pri:0, instance:com.bis.testexceution.AmazonSearach@645aa696]" started-at="2024-08-28T23:29:19 IST" name="launch" finished-at="2024-08-28T23:29:29 IST" duration-ms="9793" status="PASS">
          <reporter-output>
          </reporter-output>
        </test-method> <!-- launch -->
        <test-method signature="searchFuncationality(java.lang.String)[pri:0, instance:com.bis.testexceution.AmazonSearach@645aa696]" started-at="2024-08-28T23:29:29 IST" name="searchFuncationality" data-provider="data" finished-at="2024-08-28T23:29:34 IST" duration-ms="5068" status="PASS">
          <params>
            <param index="0">
              <value>
                <![CDATA[Shirts]]>
              </value>
            </param>
          </params>
          <reporter-output>
          </reporter-output>
        </test-method> <!-- searchFuncationality -->
        <test-method is-config="true" signature="Quit()[pri:0, instance:com.bis.testexceution.AmazonSearach@645aa696]" started-at="2024-08-28T23:29:34 IST" name="Quit" finished-at="2024-08-28T23:29:34 IST" duration-ms="581" status="PASS">
          <reporter-output>
          </reporter-output>
        </test-method> <!-- Quit -->
        <test-method is-config="true" signature="launch()[pri:0, instance:com.bis.testexceution.AmazonSearach@645aa696]" started-at="2024-08-28T23:29:34 IST" name="launch" finished-at="2024-08-28T23:29:40 IST" duration-ms="5768" status="PASS">
          <reporter-output>
          </reporter-output>
        </test-method> <!-- launch -->
        <test-method signature="searchFuncationality(java.lang.String)[pri:0, instance:com.bis.testexceution.AmazonSearach@645aa696]" started-at="2024-08-28T23:29:40 IST" name="searchFuncationality" data-provider="data" finished-at="2024-08-28T23:29:45 IST" duration-ms="4566" status="PASS">
          <params>
            <param index="0">
              <value>
                <![CDATA[pants]]>
              </value>
            </param>
          </params>
          <reporter-output>
          </reporter-output>
        </test-method> <!-- searchFuncationality -->
        <test-method is-config="true" signature="Quit()[pri:0, instance:com.bis.testexceution.AmazonSearach@645aa696]" started-at="2024-08-28T23:29:45 IST" name="Quit" finished-at="2024-08-28T23:29:45 IST" duration-ms="464" status="PASS">
          <reporter-output>
          </reporter-output>
        </test-method> <!-- Quit -->
        <test-method is-config="true" signature="launch()[pri:0, instance:com.bis.testexceution.AmazonSearach@645aa696]" started-at="2024-08-28T23:29:45 IST" name="launch" finished-at="2024-08-28T23:29:51 IST" duration-ms="5919" status="PASS">
          <reporter-output>
          </reporter-output>
        </test-method> <!-- launch -->
        <test-method signature="searchFuncationality(java.lang.String)[pri:0, instance:com.bis.testexceution.AmazonSearach@645aa696]" started-at="2024-08-28T23:29:51 IST" name="searchFuncationality" data-provider="data" finished-at="2024-08-28T23:29:56 IST" duration-ms="4594" status="PASS">
          <params>
            <param index="0">
              <value>
                <![CDATA[shoes]]>
              </value>
            </param>
          </params>
          <reporter-output>
          </reporter-output>
        </test-method> <!-- searchFuncationality -->
        <test-method is-config="true" signature="Quit()[pri:0, instance:com.bis.testexceution.AmazonSearach@645aa696]" started-at="2024-08-28T23:29:56 IST" name="Quit" finished-at="2024-08-28T23:29:56 IST" duration-ms="512" status="PASS">
          <reporter-output>
          </reporter-output>
        </test-method> <!-- Quit -->
        <test-method is-config="true" signature="launch()[pri:0, instance:com.bis.testexceution.AmazonSearach@645aa696]" started-at="2024-08-28T23:29:56 IST" name="launch" finished-at="2024-08-28T23:30:02 IST" duration-ms="5589" status="PASS">
          <reporter-output>
          </reporter-output>
        </test-method> <!-- launch -->
        <test-method signature="searchFuncationality(java.lang.String)[pri:0, instance:com.bis.testexceution.AmazonSearach@645aa696]" started-at="2024-08-28T23:30:02 IST" name="searchFuncationality" data-provider="data" finished-at="2024-08-28T23:30:06 IST" duration-ms="4042" status="PASS">
          <params>
            <param index="0">
              <value>
                <![CDATA[watch]]>
              </value>
            </param>
          </params>
          <reporter-output>
          </reporter-output>
        </test-method> <!-- searchFuncationality -->
        <test-method is-config="true" signature="Quit()[pri:0, instance:com.bis.testexceution.AmazonSearach@645aa696]" started-at="2024-08-28T23:30:06 IST" name="Quit" finished-at="2024-08-28T23:30:06 IST" duration-ms="504" status="PASS">
          <reporter-output>
          </reporter-output>
        </test-method> <!-- Quit -->
        <test-method is-config="true" signature="launch()[pri:0, instance:com.bis.testexceution.AmazonSearach@645aa696]" started-at="2024-08-28T23:30:06 IST" name="launch" finished-at="2024-08-28T23:30:12 IST" duration-ms="5654" status="PASS">
          <reporter-output>
          </reporter-output>
        </test-method> <!-- launch -->
        <test-method signature="searchFuncationality(java.lang.String)[pri:0, instance:com.bis.testexceution.AmazonSearach@645aa696]" started-at="2024-08-28T23:30:12 IST" name="searchFuncationality" data-provider="data" finished-at="2024-08-28T23:30:17 IST" duration-ms="4787" status="PASS">
          <params>
            <param index="0">
              <value>
                <![CDATA[belt]]>
              </value>
            </param>
          </params>
          <reporter-output>
          </reporter-output>
        </test-method> <!-- searchFuncationality -->
        <test-method is-config="true" signature="Quit()[pri:0, instance:com.bis.testexceution.AmazonSearach@645aa696]" started-at="2024-08-28T23:30:17 IST" name="Quit" finished-at="2024-08-28T23:30:17 IST" duration-ms="444" status="PASS">
          <reporter-output>
          </reporter-output>
        </test-method> <!-- Quit -->
        <test-method is-config="true" signature="launch()[pri:0, instance:com.bis.testexceution.AmazonSearach@645aa696]" started-at="2024-08-28T23:30:17 IST" name="launch" finished-at="2024-08-28T23:30:21 IST" duration-ms="4357" status="PASS">
          <reporter-output>
          </reporter-output>
        </test-method> <!-- launch -->
        <test-method signature="searchFuncationality(java.lang.String)[pri:0, instance:com.bis.testexceution.AmazonSearach@645aa696]" started-at="2024-08-28T23:30:21 IST" name="searchFuncationality" data-provider="data" finished-at="2024-08-28T23:30:28 IST" duration-ms="6750" status="PASS">
          <params>
            <param index="0">
              <value>
                <![CDATA[Sunglass]]>
              </value>
            </param>
          </params>
          <reporter-output>
          </reporter-output>
        </test-method> <!-- searchFuncationality -->
        <test-method is-config="true" signature="Quit()[pri:0, instance:com.bis.testexceution.AmazonSearach@645aa696]" started-at="2024-08-28T23:30:28 IST" name="Quit" finished-at="2024-08-28T23:30:29 IST" duration-ms="726" status="PASS">
          <reporter-output>
          </reporter-output>
        </test-method> <!-- Quit -->
        <test-method is-config="true" signature="endTIme()[pri:0, instance:com.bis.testexceution.AmazonSearach@645aa696]" started-at="2024-08-28T23:30:29 IST" name="endTIme" finished-at="2024-08-28T23:30:29 IST" duration-ms="1" status="PASS">
          <reporter-output>
          </reporter-output>
        </test-method> <!-- endTIme -->
        <test-method is-config="true" signature="flushReporter()[pri:0, instance:com.bis.testexceution.AmazonSearach@645aa696]" started-at="2024-08-28T23:30:29 IST" name="flushReporter" finished-at="2024-08-28T23:30:29 IST" duration-ms="1" status="PASS">
          <reporter-output>
          </reporter-output>
        </test-method> <!-- flushReporter -->
      </class> <!-- com.bis.testexceution.AmazonSearach -->
    </test> <!-- Default test -->
  </suite> <!-- Default suite -->
</testng-results>
