<?xml version="1.0" encoding="UTF-8"?>
<!-- Generated by org.testng.reporters.JUnitXMLReporter -->
<testsuite ignored="0" hostname="GOD" failures="0" tests="6" name="Test" time="73.711" errors="0" timestamp="2024-09-21T02:08:31 IST">
  <testcase classname="com.bis.testexceution.AmazonSearach" name="searchFuncationality" time="5.193"/>
  <testcase classname="com.bis.testexceution.AmazonSearach" name="searchFuncationality" time="6.973"/>
  <testcase classname="com.bis.testexceution.AmazonSearach" name="searchFuncationality" time="5.333"/>
  <testcase classname="com.bis.testexceution.AmazonSearach" name="searchFuncationality" time="7.5"/>
  <testcase classname="com.bis.testexceution.AmazonSearach" name="searchFuncationality" time="6.616"/>
  <testcase classname="com.bis.testexceution.AmazonSearach" name="searchFuncationality" time="6.186"/>
</testsuite> <!-- Test -->
