<?xml version="1.0" encoding="UTF-8"?>
<!-- Generated by org.testng.reporters.JUnitXMLReporter -->
<testsuite ignored="0" hostname="GOD" failures="0" tests="6" name="Test" time="67.865" errors="0" timestamp="2024-09-23T23:53:47 IST">
  <testcase classname="com.bis.testexceution.AmazonSearach" name="searchFuncationality" time="4.755"/>
  <testcase classname="com.bis.testexceution.AmazonSearach" name="searchFuncationality" time="7.274"/>
  <testcase classname="com.bis.testexceution.AmazonSearach" name="searchFuncationality" time="6.666"/>
  <testcase classname="com.bis.testexceution.AmazonSearach" name="searchFuncationality" time="9.008"/>
  <testcase classname="com.bis.testexceution.AmazonSearach" name="searchFuncationality" time="6.456"/>
  <testcase classname="com.bis.testexceution.AmazonSearach" name="searchFuncationality" time="6.076"/>
</testsuite> <!-- Test -->
